{"id":"scsmbstgra", "state":"STARTED", "type":"APPLICATION_LOG", "host":"12345", "timestamp":1491377495212}
{"id":"scsmbstgrb", "state":"STARTED", "timestamp":1491377495213}
{"id":"scsmbstgrc", "state":"FINISHED", "timestamp":1491377495218}
{"id":"scsmbstgra", "state":"FINISHED", "type":"APPLICATION_LOG", "host":"12345", "timestamp":1491377495217}
{"id":"scsmbstgrc", "state":"STARTED", "timestamp":1491377495210}
{"id":"scsmbstgrb", "state":"FINISHED", "timestamp":1491377495216}
{"id":"scsmbstgrd", "state":"STARTED", "type":"APPLICATION_LOG", "host":"12345", "timestamp":1491377495212}
{"id":"scsmbstgre", "state":"STARTED", "timestamp":1491377495213}
{"id":"scsmbstgrf", "state":"FINISHED", "timestamp":1491377495218}
{"id":"scsmbstgrd", "state":"FINISHED", "type":"APPLICATION_LOG", "host":"12345", "timestamp":1491377495217}
{"id":"scsmbstgrf", "state":"STARTED", "timestamp":1491377495210}
{"id":"scsmbstgre", "state":"FINISHED", "timestamp":1491377495216}
{"id":"scsmbstgrg", "state":"STARTED", "type":"APPLICATION_LOG", "host":"12345", "timestamp":1491377495212}
{"id":"scsmbstgrh", "state":"STARTED", "timestamp":1491377495213}
{"id":"scsmbstgrl", "state":"FINISHED", "timestamp":1491377495218}
{"id":"scsmbstgrg", "state":"FINISHED", "type":"APPLICATION_LOG", "host":"12345", "timestamp":1491377495217}
{"id":"scsmbstgrh", "state":"STARTED", "timestamp":1491377495210}
{"id":"scsmbstgrl", "state":"FINISHED", "timestamp":1491377495216}
{"id":"scsmbstgru", "state":"STARTED", "type":"APPLICATION_LOG", "host":"12345", "timestamp":1491377495212}
{"id":"scsmbstgrr", "state":"STARTED", "timestamp":1491377495213}
{"id":"scsmbstgrl", "state":"FINISHED", "timestamp":1491377495218}
{"id":"scsmbstgru", "state":"FINISHED", "type":"APPLICATION_LOG", "host":"12345", "timestamp":1491377495217}
{"id":"scsmbstgrl", "state":"STARTED", "timestamp":1491377495210}
{"id":"scsmbstgrr", "state":"FINISHED", "timestamp":1491377495216}
{"id":"scsmbstgrz", "state":"STARTED", "type":"APPLICATION_LOG", "host":"12345", "timestamp":1491377495212}
{"id":"scsmbstgrx", "state":"STARTED", "timestamp":1491377495213}
{"id":"scsmbstgry", "state":"FINISHED", "timestamp":1491377495218}
{"id":"scsmbstgrz", "state":"FINISHED", "type":"APPLICATION_LOG", "host":"12345", "timestamp":1491377495217}
{"id":"scsmbstgrx", "state":"STARTED", "timestamp":1491377495210}
{"id":"scsmbstgry", "state":"FINISHED", "timestamp":1491377495216}