/*C4*/SET SCHEMA PUBLIC
DELETE FROM EVENT WHERE ID='scsmbstgra'
DELETE FROM EVENT WHERE ID='scsmbstgrb'
DELETE FROM EVENT WHERE ID='scsmbstgrc'
DELETE FROM EVENT WHERE ID='scsmbstgrd'
DELETE FROM EVENT WHERE ID='scsmbstgre'
DELETE FROM EVENT WHERE ID='scsmbstgrf'
DELETE FROM EVENT WHERE ID='scsmbstgrg'
DELETE FROM EVENT WHERE ID='scsmbstgrh'
DELETE FROM EVENT WHERE ID='scsmbstgrl'
DELETE FROM EVENT WHERE ID='scsmbstgrr'
DELETE FROM EVENT WHERE ID='scsmbstgru'
DELETE FROM EVENT WHERE ID='scsmbstgrx'
DELETE FROM EVENT WHERE ID='scsmbstgry'
DELETE FROM EVENT WHERE ID='scsmbstgrz'
COMMIT
INSERT INTO EVENT VALUES('scsmbstgra',TRUE,5,'12345','APPLICATION_LOG')
INSERT INTO EVENT VALUES('scsmbstgrb',FALSE,3,NULL,NULL)
INSERT INTO EVENT VALUES('scsmbstgrc',TRUE,8,NULL,NULL)
INSERT INTO EVENT VALUES('scsmbstgrd',TRUE,5,'12345','APPLICATION_LOG')
INSERT INTO EVENT VALUES('scsmbstgre',FALSE,3,NULL,NULL)
INSERT INTO EVENT VALUES('scsmbstgrf',TRUE,8,NULL,NULL)
INSERT INTO EVENT VALUES('scsmbstgrg',TRUE,5,'12345','APPLICATION_LOG')
INSERT INTO EVENT VALUES('scsmbstgrh',FALSE,3,NULL,NULL)
INSERT INTO EVENT VALUES('scsmbstgrl',FALSE,2,NULL,NULL)
INSERT INTO EVENT VALUES('scsmbstgru',TRUE,5,'12345','APPLICATION_LOG')
INSERT INTO EVENT VALUES('scsmbstgrr',FALSE,3,NULL,NULL)
INSERT INTO EVENT VALUES('scsmbstgrz',TRUE,5,'12345','APPLICATION_LOG')
INSERT INTO EVENT VALUES('scsmbstgrx',FALSE,3,NULL,NULL)
INSERT INTO EVENT VALUES('scsmbstgry',FALSE,2,NULL,NULL)
COMMIT
DISCONNECT
